2022-11-17T12:09:29.584783-00:00 0 [System] [MY-013169] [Server] /usr/sbin/mysqld (mysqld 8.0.28) initializing of server in progress as process 42
2022-11-17T12:09:29.652657-00:00 0 [Warning] [MY-010159] [Server] Setting lower_case_table_names=2 because file system for /var/lib/mysql/ is case insensitive
2022-11-17T12:09:29.746120-00:00 1 [System] [MY-013576] [InnoDB] InnoDB initialization has started.
2022-11-17T12:09:45.592519-00:00 1 [System] [MY-013577] [InnoDB] InnoDB initialization has ended.
2022-11-17T12:10:11.092354-00:00 6 [Warning] [MY-010453] [Server] root@localhost is created with an empty password ! Please consider switching off the --initialize-insecure option.
2022-11-17T12:12:24.727791-00:00 0 [System] [MY-010116] [Server] /usr/sbin/mysqld (mysqld 8.0.28) starting as process 89
2022-11-17T12:12:24.779003-00:00 0 [Warning] [MY-010159] [Server] Setting lower_case_table_names=2 because file system for /var/lib/mysql/ is case insensitive
2022-11-17T12:12:25.185404-00:00 1 [System] [MY-013576] [InnoDB] InnoDB initialization has started.
2022-11-17T12:12:34.799808-00:00 1 [System] [MY-013577] [InnoDB] InnoDB initialization has ended.
2022-11-17T12:12:40.319491-00:00 0 [Warning] [MY-010068] [Server] CA certificate ca.pem is self signed.
2022-11-17T12:12:40.327982-00:00 0 [System] [MY-013602] [Server] Channel mysql_main configured to support TLS. Encrypted connections are now supported for this channel.
2022-11-17T12:12:40.367685-00:00 0 [Warning] [MY-011810] [Server] Insecure configuration for --pid-file: Location '/var/run/mysqld' in the path is accessible to all OS users. Consider choosing a different directory.
2022-11-17T12:12:41.123402-00:00 0 [System] [MY-011323] [Server] X Plugin ready for connections. Socket: /var/run/mysqld/mysqlx.sock
2022-11-17T12:12:41.130727-00:00 0 [System] [MY-010931] [Server] /usr/sbin/mysqld: ready for connections. Version: '8.0.28'  socket: '/var/run/mysqld/mysqld.sock'  port: 0  MySQL Community Server - GPL.
2022-11-17T12:17:14.273808-00:00 13 [System] [MY-013172] [Server] Received SHUTDOWN from user root. Shutting down mysqld (Version: 8.0.28).
2022-11-17T12:17:22.938525-00:00 0 [System] [MY-010910] [Server] /usr/sbin/mysqld: Shutdown complete (mysqld 8.0.28)  MySQL Community Server - GPL.
2022-11-17T12:17:24.214840-00:00 0 [System] [MY-010116] [Server] /usr/sbin/mysqld (mysqld 8.0.28) starting as process 1
2022-11-17T12:17:24.381268-00:00 0 [Warning] [MY-010159] [Server] Setting lower_case_table_names=2 because file system for /var/lib/mysql/ is case insensitive
2022-11-17T12:17:24.710232-00:00 1 [System] [MY-013576] [InnoDB] InnoDB initialization has started.
2022-11-17T12:17:39.320569-00:00 1 [System] [MY-013577] [InnoDB] InnoDB initialization has ended.
2022-11-17T12:17:45.338316-00:00 0 [Warning] [MY-010068] [Server] CA certificate ca.pem is self signed.
2022-11-17T12:17:45.354782-00:00 0 [System] [MY-013602] [Server] Channel mysql_main configured to support TLS. Encrypted connections are now supported for this channel.
2022-11-17T12:17:45.526519-00:00 0 [Warning] [MY-011810] [Server] Insecure configuration for --pid-file: Location '/var/run/mysqld' in the path is accessible to all OS users. Consider choosing a different directory.
2022-11-17T12:17:46.578743-00:00 0 [System] [MY-011323] [Server] X Plugin ready for connections. Bind-address: '::' port: 33060, socket: /var/run/mysqld/mysqlx.sock
2022-11-17T12:17:46.579140-00:00 0 [System] [MY-010931] [Server] /usr/sbin/mysqld: ready for connections. Version: '8.0.28'  socket: '/var/run/mysqld/mysqld.sock'  port: 3306  MySQL Community Server - GPL.
2022-11-17T12:21:20.200969-00:00 0 [System] [MY-013172] [Server] Received SHUTDOWN from user <via user signal>. Shutting down mysqld (Version: 8.0.28).
2022-11-17T12:21:22.685841-00:00 0 [System] [MY-010910] [Server] /usr/sbin/mysqld: Shutdown complete (mysqld 8.0.28)  MySQL Community Server - GPL.
2022-11-17T12:22:24.154439-00:00 0 [System] [MY-010116] [Server] /usr/sbin/mysqld (mysqld 8.0.28) starting as process 1
2022-11-17T12:22:24.199962-00:00 0 [Warning] [MY-010159] [Server] Setting lower_case_table_names=2 because file system for /var/lib/mysql/ is case insensitive
2022-11-17T12:22:24.278925-00:00 1 [System] [MY-013576] [InnoDB] InnoDB initialization has started.
2022-11-17T12:22:31.356696-00:00 1 [System] [MY-013577] [InnoDB] InnoDB initialization has ended.
2022-11-17T12:22:34.375283-00:00 0 [Warning] [MY-010068] [Server] CA certificate ca.pem is self signed.
2022-11-17T12:22:34.377342-00:00 0 [System] [MY-013602] [Server] Channel mysql_main configured to support TLS. Encrypted connections are now supported for this channel.
2022-11-17T12:22:34.425834-00:00 0 [Warning] [MY-011810] [Server] Insecure configuration for --pid-file: Location '/var/run/mysqld' in the path is accessible to all OS users. Consider choosing a different directory.
2022-11-17T12:22:36.036348-00:00 0 [System] [MY-010931] [Server] /usr/sbin/mysqld: ready for connections. Version: '8.0.28'  socket: '/var/run/mysqld/mysqld.sock'  port: 3306  MySQL Community Server - GPL.
2022-11-17T12:22:36.037066-00:00 0 [System] [MY-011323] [Server] X Plugin ready for connections. Bind-address: '::' port: 33060, socket: /var/run/mysqld/mysqlx.sock
